{
  "stats": {
    "suites": 1,
    "tests": 2,
    "passes": 2,
    "pending": 0,
    "failures": 0,
    "start": "2025-03-08T06:42:23.342Z",
    "end": "2025-03-08T06:42:33.208Z",
    "duration": 9866,
    "testsRegistered": 2,
    "passPercent": 100,
    "pendingPercent": 0,
    "other": 0,
    "hasOther": false,
    "skipped": 0,
    "hasSkipped": false
  },
  "results": [
    {
      "uuid": "e33d3692-db54-4550-8c4c-fd5fc7fef039",
      "title": "",
      "fullFile": "cypress\\e2e\\features\\seeAnnouncement.feature",
      "file": "cypress\\e2e\\features\\seeAnnouncement.feature",
      "beforeHooks": [],
      "afterHooks": [],
      "tests": [],
      "suites": [
        {
          "uuid": "daa3c632-bc95-4838-932e-56dca3058f39",
          "title": "see announcement",
          "fullFile": "",
          "file": "",
          "beforeHooks": [],
          "afterHooks": [],
          "tests": [
            {
              "title": "User can login",
              "fullTitle": "see announcement User can login",
              "timedOut": null,
              "duration": 2512,
              "state": "passed",
              "speed": "fast",
              "pass": true,
              "fail": false,
              "pending": false,
              "context": null,
              "code": "const state = window.testState;\nreturn cy\n  .then(() => state.onStartScenario(scenario, indexedSteps))\n  .then(() =>\n    resolveAndRunBeforeHooks.call(this, scenario.tags, state.feature.name)\n  )\n  .then(() =>\n    indexedSteps.forEach((step) =>\n      stepTest.call(this, state, step, rowData)\n    )\n  )\n  .then(() => state.onFinishScenario(scenario));",
              "err": {},
              "uuid": "8c4ae02f-a1b7-4c7e-b662-2d168b06977f",
              "parentUUID": "daa3c632-bc95-4838-932e-56dca3058f39",
              "isHook": false,
              "skipped": false
            },
            {
              "title": "See Announcement",
              "fullTitle": "see announcement See Announcement",
              "timedOut": null,
              "duration": 5043,
              "state": "passed",
              "speed": "medium",
              "pass": true,
              "fail": false,
              "pending": false,
              "context": null,
              "code": "const state = window.testState;\nreturn cy\n  .then(() => state.onStartScenario(scenario, indexedSteps))\n  .then(() =>\n    resolveAndRunBeforeHooks.call(this, scenario.tags, state.feature.name)\n  )\n  .then(() =>\n    indexedSteps.forEach((step) =>\n      stepTest.call(this, state, step, rowData)\n    )\n  )\n  .then(() => state.onFinishScenario(scenario));",
              "err": {},
              "uuid": "4bcb06da-c3b2-4a43-a11a-fe84441dbe97",
              "parentUUID": "daa3c632-bc95-4838-932e-56dca3058f39",
              "isHook": false,
              "skipped": false
            }
          ],
          "suites": [],
          "passes": [
            "8c4ae02f-a1b7-4c7e-b662-2d168b06977f",
            "4bcb06da-c3b2-4a43-a11a-fe84441dbe97"
          ],
          "failures": [],
          "pending": [],
          "skipped": [],
          "duration": 7555,
          "root": false,
          "rootEmpty": false,
          "_timeout": 2000
        }
      ],
      "passes": [],
      "failures": [],
      "pending": [],
      "skipped": [],
      "duration": 0,
      "root": true,
      "rootEmpty": true,
      "_timeout": 2000
    }
  ],
  "meta": {
    "mocha": {
      "version": "7.0.1"
    },
    "mochawesome": {
      "options": {
        "quiet": false,
        "reportFilename": "[status]_[datetime]-report",
        "saveHtml": false,
        "saveJson": true,
        "consoleReporter": "spec",
        "useInlineDiffs": false,
        "code": true
      },
      "version": "7.1.3"
    },
    "marge": {
      "options": {
        "reportDir": "cypress\\reports\\.jsons",
        "overwrite": false,
        "html": false,
        "json": true,
        "reportFilename": "[status]_[datetime]-report",
        "timestamp": "shortDate",
        "charts": true,
        "reportPageTitle": "Colispo Test Suite Report",
        "embeddedScreenshots": true,
        "inlineAssets": true
      },
      "version": "6.2.0"
    }
  }
}